# JRE version: Java(TM) SE Runtime Environment (20.0.1+9) (build 20.0.1+9-29)
# Java VM: Java HotSpot(TM) 64-Bit Server VM (20.0.1+9-29, mixed mode, emulated-client, sharing, tiered, compressed oops, compressed class ptrs, g1 gc, windows-amd64)
GC Precious Log:
 CardTable entry size: 512
 Card Set container configuration: InlinePtr #cards 4 size 8 Array Of Cards #cards 16 size 48 Howl #buckets 8 coarsen threshold 3686 Howl Bitmap #cards 512 size 80 coarsen threshold 460 Card regions per heap region 1 cards per card region 4096
 CPUs: 4 total, 4 available
 Memory: 10178M
 Large Page Support: Disabled
 NUMA Support: Disabled
 Compressed Oops: Enabled (Zero based)
 Heap Region Size: 2M
 Heap Min Capacity: 8M
 Heap Initial Capacity: 160M
 Heap Max Capacity: 2546M
 Pre-touch: Disabled
 Parallel Workers: 4
 Concurrent Workers: 1
 Concurrent Refinement Workers: 4
 Periodic GC: Disabled
Heap:
 garbage-first heap   total 86016K, used 35357K [0x0000000760e00000, 0x0000000800000000)
  region size 2048K, 1 young (2048K), 1 survivors (2048K)
 Metaspace       used 67098K, committed 67904K, reserved 1114112K
  class space    used 9656K, committed 9984K, reserved 1048576K
GC Heap History (20 events):
Event: 15.432 GC heap after
{Heap after GC invocations=16 (full 0):
 garbage-first heap   total 49152K, used 25401K [0x0000000760e00000, 0x0000000800000000)
  region size 2048K, 1 young (2048K), 1 survivors (2048K)
 Metaspace       used 54463K, committed 55104K, reserved 1114112K
  class space    used 7621K, committed 7936K, reserved 1048576K
}
Event: 15.755 GC heap before
{Heap before GC invocations=17 (full 0):
 garbage-first heap   total 49152K, used 41785K [0x0000000760e00000, 0x0000000800000000)
  region size 2048K, 9 young (18432K), 1 survivors (2048K)
 Metaspace       used 54641K, committed 55232K, reserved 1114112K
  class space    used 7654K, committed 7936K, reserved 1048576K
}
Event: 15.759 GC heap after
{Heap after GC invocations=18 (full 0):
 garbage-first heap   total 49152K, used 25448K [0x0000000760e00000, 0x0000000800000000)
  region size 2048K, 1 young (2048K), 1 survivors (2048K)
 Metaspace       used 54641K, committed 55232K, reserved 1114112K
  class space    used 7654K, committed 7936K, reserved 1048576K
}
Event: 16.213 GC heap before
{Heap before GC invocations=18 (full 0):
 garbage-first heap   total 49152K, used 41832K [0x0000000760e00000, 0x0000000800000000)
  region size 2048K, 9 young (18432K), 1 survivors (2048K)
 Metaspace       used 56950K, committed 57600K, reserved 1114112K
  class space    used 8060K, committed 8384K, reserved 1048576K
}
Event: 16.217 GC heap after
{Heap after GC invocations=19 (full 0):
 garbage-first heap   total 59392K, used 26522K [0x0000000760e00000, 0x0000000800000000)
  region size 2048K, 2 young (4096K), 2 survivors (4096K)
 Metaspace       used 56950K, committed 57600K, reserved 1114112K
  class space    used 8060K, committed 8384K, reserved 1048576K
}
Event: 17.391 GC heap before
{Heap before GC invocations=20 (full 0):
 garbage-first heap   total 59392K, used 49050K [0x0000000760e00000, 0x0000000800000000)
  region size 2048K, 13 young (26624K), 2 survivors (4096K)
 Metaspace       used 60302K, committed 60928K, reserved 1114112K
  class space    used 8501K, committed 8768K, reserved 1048576K
}
Event: 17.401 GC heap after
{Heap after GC invocations=21 (full 0):
 garbage-first heap   total 59392K, used 28827K [0x0000000760e00000, 0x0000000800000000)
  region size 2048K, 2 young (4096K), 2 survivors (4096K)
 Metaspace       used 60302K, committed 60928K, reserved 1114112K
  class space    used 8501K, committed 8768K, reserved 1048576K
}
Event: 17.804 GC heap before
{Heap before GC invocations=21 (full 0):
 garbage-first heap   total 59392K, used 49307K [0x0000000760e00000, 0x0000000800000000)
  region size 2048K, 12 young (24576K), 2 survivors (4096K)
 Metaspace       used 61933K, committed 62592K, reserved 1114112K
  class space    used 8749K, committed 9024K, reserved 1048576K
}
Event: 17.811 GC heap after
{Heap after GC invocations=22 (full 0):
 garbage-first heap   total 59392K, used 29838K [0x0000000760e00000, 0x0000000800000000)
  region size 2048K, 1 young (2048K), 1 survivors (2048K)
 Metaspace       used 61933K, committed 62592K, reserved 1114112K
  class space    used 8749K, committed 9024K, reserved 1048576K
}
Event: 18.108 GC heap before
{Heap before GC invocations=22 (full 0):
 garbage-first heap   total 59392K, used 52366K [0x0000000760e00000, 0x0000000800000000)
  region size 2048K, 12 young (24576K), 1 survivors (2048K)
 Metaspace       used 62069K, committed 62720K, reserved 1114112K
  class space    used 8765K, committed 9088K, reserved 1048576K
}
Event: 18.112 GC heap after
{Heap after GC invocations=23 (full 0):
 garbage-first heap   total 59392K, used 30063K [0x0000000760e00000, 0x0000000800000000)
  region size 2048K, 1 young (2048K), 1 survivors (2048K)
 Metaspace       used 62069K, committed 62720K, reserved 1114112K
  class space    used 8765K, committed 9088K, reserved 1048576K
}
Event: 18.557 GC heap before
{Heap before GC invocations=24 (full 0):
 garbage-first heap   total 61440K, used 52591K [0x0000000760e00000, 0x0000000800000000)
  region size 2048K, 12 young (24576K), 1 survivors (2048K)
 Metaspace       used 63541K, committed 64192K, reserved 1114112K
  class space    used 9065K, committed 9344K, reserved 1048576K
}
Event: 18.563 GC heap after
{Heap after GC invocations=25 (full 0):
 garbage-first heap   total 61440K, used 32634K [0x0000000760e00000, 0x0000000800000000)
  region size 2048K, 2 young (4096K), 2 survivors (4096K)
 Metaspace       used 63541K, committed 64192K, reserved 1114112K
  class space    used 9065K, committed 9344K, reserved 1048576K
}
Event: 18.753 GC heap before
{Heap before GC invocations=25 (full 0):
 garbage-first heap   total 61440K, used 53114K [0x0000000760e00000, 0x0000000800000000)
  region size 2048K, 12 young (24576K), 2 survivors (4096K)
 Metaspace       used 65049K, committed 65728K, reserved 1114112K
  class space    used 9388K, committed 9664K, reserved 1048576K
}
Event: 18.761 GC heap after
{Heap after GC invocations=26 (full 0):
 garbage-first heap   total 63488K, used 33810K [0x0000000760e00000, 0x0000000800000000)
  region size 2048K, 2 young (4096K), 2 survivors (4096K)
 Metaspace       used 65049K, committed 65728K, reserved 1114112K
  class space    used 9388K, committed 9664K, reserved 1048576K
}
Event: 18.808 GC heap before
{Heap before GC invocations=26 (full 0):
 garbage-first heap   total 63488K, used 50194K [0x0000000760e00000, 0x0000000800000000)
  region size 2048K, 10 young (20480K), 2 survivors (4096K)
 Metaspace       used 65051K, committed 65728K, reserved 1114112K
  class space    used 9388K, committed 9664K, reserved 1048576K
}
Event: 18.814 GC heap after
{Heap after GC invocations=27 (full 0):
 garbage-first heap   total 63488K, used 36071K [0x0000000760e00000, 0x0000000800000000)
  region size 2048K, 2 young (4096K), 2 survivors (4096K)
 Metaspace       used 65051K, committed 65728K, reserved 1114112K
  class space    used 9388K, committed 9664K, reserved 1048576K
}
Event: 18.991 GC heap before
{Heap before GC invocations=28 (full 0):
 garbage-first heap   total 86016K, used 52455K [0x0000000760e00000, 0x0000000800000000)
  region size 2048K, 10 young (20480K), 2 survivors (4096K)
 Metaspace       used 66254K, committed 67008K, reserved 1114112K
  class space    used 9542K, committed 9856K, reserved 1048576K
}
Event: 18.995 GC heap after
{Heap after GC invocations=29 (full 0):
 garbage-first heap   total 86016K, used 34087K [0x0000000760e00000, 0x0000000800000000)
  region size 2048K, 1 young (2048K), 1 survivors (2048K)
 Metaspace       used 66254K, committed 67008K, reserved 1114112K
  class space    used 9542K, committed 9856K, reserved 1048576K
}
Event: 19.561 GC heap before
{Heap before GC invocations=29 (full 0):
 garbage-first heap   total 86016K, used 75047K [0x0000000760e00000, 0x0000000800000000)
  region size 2048K, 21 young (43008K), 1 survivors (2048K)
 Metaspace       used 67098K, committed 67904K, reserved 1114112K
  class space    used 9656K, committed 9984K, reserved 1048576K
}

